0 info it worked if it ends with ok
1 verbose cli [ '/usr/local/bin/node',
1 verbose cli   '/usr/local/bin/npm',
1 verbose cli   'install',
1 verbose cli   'numpy' ]
2 info using npm@2.14.2
3 info using node@v4.0.0
4 verbose install initial load of /Users/rye.jones/Desktop/4-Code/revopstools/Revopstools_UI/package.json
5 warn package.json Revopstools_UI@1.0.0 No repository field.
6 warn package.json Revopstools_UI@1.0.0 No README data
7 verbose installManyTop reading scoped package data from /Users/rye.jones/Desktop/4-Code/revopstools/Revopstools_UI/node_modules/autoprefixer-core/package.json
8 verbose installManyTop reading scoped package data from /Users/rye.jones/Desktop/4-Code/revopstools/Revopstools_UI/node_modules/csswring/package.json
9 verbose installManyTop reading scoped package data from /Users/rye.jones/Desktop/4-Code/revopstools/Revopstools_UI/node_modules/gulp/package.json
10 verbose installManyTop reading scoped package data from /Users/rye.jones/Desktop/4-Code/revopstools/Revopstools_UI/node_modules/gulp-autoprefixer/package.json
11 verbose installManyTop reading scoped package data from /Users/rye.jones/Desktop/4-Code/revopstools/Revopstools_UI/node_modules/gulp-load-plugins/package.json
12 verbose installManyTop reading scoped package data from /Users/rye.jones/Desktop/4-Code/revopstools/Revopstools_UI/node_modules/gulp-postcss/package.json
13 verbose installManyTop reading scoped package data from /Users/rye.jones/Desktop/4-Code/revopstools/Revopstools_UI/node_modules/gulp-ruby-sass/package.json
14 verbose installManyTop reading scoped package data from /Users/rye.jones/Desktop/4-Code/revopstools/Revopstools_UI/node_modules/gulp-uglify/package.json
15 verbose installManyTop reading scoped package data from /Users/rye.jones/Desktop/4-Code/revopstools/Revopstools_UI/node_modules/postcss-scss/package.json
16 verbose readDependencies loading dependencies from /Users/rye.jones/Desktop/4-Code/revopstools/Revopstools_UI/package.json
17 silly cache add args [ 'numpy', null ]
18 verbose cache add spec numpy
19 silly cache add parsed spec Result {
19 silly cache add   raw: 'numpy',
19 silly cache add   scope: null,
19 silly cache add   name: 'numpy',
19 silly cache add   rawSpec: '',
19 silly cache add   spec: '*',
19 silly cache add   type: 'range' }
20 silly addNamed numpy@*
21 verbose addNamed "*" is a valid semver range for numpy
22 silly addNameRange { name: 'numpy', range: '*', hasData: false }
23 silly mapToRegistry name numpy
24 silly mapToRegistry using default registry
25 silly mapToRegistry registry https://registry.npmjs.org/
26 silly mapToRegistry uri https://registry.npmjs.org/numpy
27 verbose addNameRange registry:https://registry.npmjs.org/numpy not in flight; fetching
28 verbose request uri https://registry.npmjs.org/numpy
29 verbose request no auth needed
30 info attempt registry request try #1 at 11:27:13 PM
31 verbose request id 7af105793d879c2e
32 http request GET https://registry.npmjs.org/numpy
33 http 404 https://registry.npmjs.org/numpy
34 verbose headers { 'content-type': 'application/json',
34 verbose headers   'cache-control': 'max-age=0',
34 verbose headers   'content-length': '2',
34 verbose headers   'accept-ranges': 'bytes',
34 verbose headers   date: 'Sun, 28 Feb 2016 05:27:09 GMT',
34 verbose headers   via: '1.1 varnish',
34 verbose headers   age: '0',
34 verbose headers   connection: 'keep-alive',
34 verbose headers   'x-served-by': 'cache-ord1721-ORD',
34 verbose headers   'x-cache': 'MISS',
34 verbose headers   'x-cache-hits': '0',
34 verbose headers   'x-timer': 'S1456637229.751157,VS0,VE168' }
35 silly get cb [ 404,
35 silly get   { 'content-type': 'application/json',
35 silly get     'cache-control': 'max-age=0',
35 silly get     'content-length': '2',
35 silly get     'accept-ranges': 'bytes',
35 silly get     date: 'Sun, 28 Feb 2016 05:27:09 GMT',
35 silly get     via: '1.1 varnish',
35 silly get     age: '0',
35 silly get     connection: 'keep-alive',
35 silly get     'x-served-by': 'cache-ord1721-ORD',
35 silly get     'x-cache': 'MISS',
35 silly get     'x-cache-hits': '0',
35 silly get     'x-timer': 'S1456637229.751157,VS0,VE168' } ]
36 verbose stack Error: Registry returned 404 for GET on https://registry.npmjs.org/numpy
36 verbose stack     at makeError (/usr/local/lib/node_modules/npm/node_modules/npm-registry-client/lib/request.js:263:12)
36 verbose stack     at CachingRegistryClient.<anonymous> (/usr/local/lib/node_modules/npm/node_modules/npm-registry-client/lib/request.js:241:14)
36 verbose stack     at Request._callback (/usr/local/lib/node_modules/npm/node_modules/npm-registry-client/lib/request.js:171:14)
36 verbose stack     at Request.self.callback (/usr/local/lib/node_modules/npm/node_modules/request/request.js:198:22)
36 verbose stack     at emitTwo (events.js:87:13)
36 verbose stack     at Request.emit (events.js:172:7)
36 verbose stack     at Request.<anonymous> (/usr/local/lib/node_modules/npm/node_modules/request/request.js:1073:14)
36 verbose stack     at emitOne (events.js:82:20)
36 verbose stack     at Request.emit (events.js:169:7)
36 verbose stack     at IncomingMessage.<anonymous> (/usr/local/lib/node_modules/npm/node_modules/request/request.js:1019:12)
37 verbose statusCode 404
38 verbose pkgid numpy
39 verbose cwd /Users/rye.jones/Desktop/4-Code/revopstools/Revopstools_UI
40 error Darwin 14.5.0
41 error argv "/usr/local/bin/node" "/usr/local/bin/npm" "install" "numpy"
42 error node v4.0.0
43 error npm  v2.14.2
44 error code E404
45 error 404 Registry returned 404 for GET on https://registry.npmjs.org/numpy
45 error 404
45 error 404 'numpy' is not in the npm registry.
45 error 404 You should bug the author to publish it (or use the name yourself!)
45 error 404 It was specified as a dependency of 'Revopstools_UI'
45 error 404
45 error 404 Note that you can also install from a
45 error 404 tarball, folder, http url, or git url.
46 verbose exit [ 1, true ]
